23:38:49: Creating resource group General
23:38:49: Creating resource group Internal
23:38:49: Creating resource group Autodetect
23:38:49: SceneManagerFactory for type 'DefaultSceneManager' registered.
23:38:49: Registering ResourceManager for type Material
23:38:49: Registering ResourceManager for type Mesh
23:38:49: Registering ResourceManager for type Skeleton
23:38:49: MovableObjectFactory for type 'ParticleSystem' registered.
23:38:49: ArchiveFactory for archive type FileSystem registered.
23:38:49: ArchiveFactory for archive type Zip registered.
23:38:49: ArchiveFactory for archive type EmbeddedZip registered.
23:38:49: DDS codec registering
23:38:49: FreeImage version: 3.16.0
23:38:49: This program uses FreeImage, a free, open source image library supporting all common bitmap formats. See http://freeimage.sourceforge.net for details
23:38:49: Supported formats: bmp,ico,jpg,jif,jpeg,jpe,jng,koa,iff,lbm,mng,pbm,pbm,pcd,pcx,pgm,pgm,png,ppm,ppm,ras,tga,targa,tif,tiff,wap,wbmp,wbm,psd,cut,xbm,xpm,gif,hdr,g3,sgi,rgb,rgba,bw,exr,j2k,j2c,jp2,pfm,pct,pict,pic,3fr,arw,bay,bmq,cap,cine,cr2,crw,cs1,dc2,dcr,drf,dsc,dng,erf,fff,ia,iiq,k25,kc2,kdc,mdc,mef,mos,mrw,nef,nrw,orf,pef,ptx,pxn,qtk,raf,raw,rdc,rw2,rwl,rwz,sr2,srf,srw,sti,webp,jxr,wdp,hdp
23:38:49: Registering ResourceManager for type HighLevelGpuProgram
23:38:49: Registering ResourceManager for type Compositor
23:38:49: MovableObjectFactory for type 'Entity' registered.
23:38:49: MovableObjectFactory for type 'Light' registered.
23:38:49: MovableObjectFactory for type 'BillboardSet' registered.
23:38:49: MovableObjectFactory for type 'ManualObject' registered.
23:38:49: MovableObjectFactory for type 'BillboardChain' registered.
23:38:49: MovableObjectFactory for type 'RibbonTrail' registered.
23:38:49: *-*-* OGRE Initialising
23:38:49: *-*-* Version 1.10.0unstable (Xalafu)
23:38:49: Loading library RenderSystem_GL
23:38:49: Installing plugin: GL RenderSystem
23:38:49: OpenGL Rendering Subsystem created.
23:38:49: Plugin successfully installed
23:38:49: Loading library RenderSystem_GL3Plus
23:38:49: OGRE EXCEPTION(7:InternalErrorException): Could not load dynamic library RenderSystem_GL3Plus.  System Error: RenderSystem_GL3Plus.so.1.10.0: cannot open shared object file: No such file or directory in DynLib::load at /home/karamellpelle/source/open-forest/libs/ogre/OgreMain/src/OgreDynLib.cpp (line 111)
23:38:50: Loading library Plugin_ParticleFX
23:38:50: Installing plugin: ParticleFX
23:38:50: Particle Emitter Type 'Point' registered
23:38:50: Particle Emitter Type 'Box' registered
23:38:50: Particle Emitter Type 'Ellipsoid' registered
23:38:50: Particle Emitter Type 'Cylinder' registered
23:38:50: Particle Emitter Type 'Ring' registered
23:38:50: Particle Emitter Type 'HollowEllipsoid' registered
23:38:50: Particle Affector Type 'LinearForce' registered
23:38:50: Particle Affector Type 'ColourFader' registered
23:38:50: Particle Affector Type 'ColourFader2' registered
23:38:50: Particle Affector Type 'ColourImage' registered
23:38:50: Particle Affector Type 'ColourInterpolator' registered
23:38:50: Particle Affector Type 'Scaler' registered
23:38:50: Particle Affector Type 'Rotator' registered
23:38:50: Particle Affector Type 'DirectionRandomiser' registered
23:38:50: Particle Affector Type 'DeflectorPlane' registered
23:38:50: Plugin successfully installed
23:38:50: Loading library Plugin_BSPSceneManager
23:38:50: Installing plugin: BSP Scene Manager
23:38:50: Plugin successfully installed
23:38:50: Loading library Plugin_CgProgramManager
23:38:50: Installing plugin: Cg Program Manager
23:38:50: Plugin successfully installed
23:38:50: Loading library Plugin_PCZSceneManager
23:38:50: Installing plugin: Portal Connected Zone Scene Manager
23:38:50: PCZone Factory Type 'ZoneType_Default' registered
23:38:50: Plugin successfully installed
23:38:50: Loading library Plugin_OctreeZone
23:38:50: Installing plugin: Octree Zone Factory
23:38:50: Plugin successfully installed
23:38:50: Loading library Plugin_OctreeSceneManager
23:38:50: Installing plugin: Octree Scene Manager
23:38:50: Plugin successfully installed
23:38:50: Creating resource group Popular
23:38:50: Added resource location 'data/static/ogre/Samples/Media/fonts' of type 'FileSystem' to resource group 'Popular'
23:38:50: Added resource location 'data/static/ogre/Samples/Media/materials/programs' of type 'FileSystem' to resource group 'Popular'
23:38:50: Added resource location 'data/static/ogre/Samples/Media/materials/scripts' of type 'FileSystem' to resource group 'Popular'
23:38:50: Added resource location 'data/static/ogre/Samples/Media/materials/textures' of type 'FileSystem' to resource group 'Popular'
23:38:50: Added resource location 'data/static/ogre/Samples/Media/materials/textures/nvidia' of type 'FileSystem' to resource group 'Popular'
23:38:50: Added resource location 'data/static/ogre/Samples/Media/models' of type 'FileSystem' to resource group 'Popular'
23:38:50: Added resource location 'data/static/ogre/Samples/Media/particle' of type 'FileSystem' to resource group 'Popular'
23:38:50: Added resource location 'data/static/ogre/Samples/Media/DeferredShadingMedia' of type 'FileSystem' to resource group 'Popular'
23:38:50: Added resource location 'data/static/ogre/Samples/Media/PCZAppMedia' of type 'FileSystem' to resource group 'Popular'
23:38:50: Added resource location 'data/static/ogre/Samples/Media/RTShaderLib' of type 'FileSystem' to resource group 'Popular'
23:38:50: Added resource location 'data/static/ogre/Samples/Media/RTShaderLib/materials' of type 'FileSystem' to resource group 'Popular'
23:38:50: Added resource location 'data/static/ogre/Samples/Media/materials/scripts/SSAO' of type 'FileSystem' to resource group 'Popular'
23:38:50: Added resource location 'data/static/ogre/Samples/Media/materials/textures/SSAO' of type 'FileSystem' to resource group 'Popular'
23:38:50: Added resource location 'data/static/ogre/Samples/Media/volumeTerrain' of type 'FileSystem' to resource group 'Popular'
23:38:50: Added resource location 'data/static/ogre/Samples/Media/packs/cubemap.zip' of type 'Zip' to resource group 'Popular'
23:38:50: Added resource location 'data/static/ogre/Samples/Media/packs/cubemapsJS.zip' of type 'Zip' to resource group 'Popular'
23:38:50: Added resource location 'data/static/ogre/Samples/Media/packs/dragon.zip' of type 'Zip' to resource group 'Popular'
23:38:50: Added resource location 'data/static/ogre/Samples/Media/packs/fresneldemo.zip' of type 'Zip' to resource group 'Popular'
23:38:50: Added resource location 'data/static/ogre/Samples/Media/packs/ogretestmap.zip' of type 'Zip' to resource group 'Popular'
23:38:50: Added resource location 'data/static/ogre/Samples/Media/packs/ogredance.zip' of type 'Zip' to resource group 'Popular'
23:38:50: Added resource location 'data/static/ogre/Samples/Media/packs/Sinbad.zip' of type 'Zip' to resource group 'Popular'
23:38:50: Added resource location 'data/static/ogre/Samples/Media/packs/skybox.zip' of type 'Zip' to resource group 'Popular'
23:38:50: Added resource location 'data/static/ogre/Samples/Media/volumeTerrain/volumeTerrainBig.zip' of type 'Zip' to resource group 'Popular'
23:38:50: Creating resource group Essential
23:38:50: Added resource location 'data/static/ogre/Samples/Media/packs/SdkTrays.zip' of type 'Zip' to resource group 'Essential'
23:38:50: Added resource location 'data/static/ogre/Samples/Media/packs/profiler.zip' of type 'Zip' to resource group 'Essential'
23:38:50: Added resource location 'data/static/ogre/Samples/Media/thumbnails' of type 'FileSystem' to resource group 'Essential'
23:38:50: Creating resource group Tests
23:38:50: Added resource location 'data/static/ogre/Tests/Media' of type 'FileSystem' to resource group 'Tests'
23:38:50: Added resource location 'data/static/ogre/Samples/Media' of type 'FileSystem' to resource group 'General'
23:38:50: CPU Identifier & Features
23:38:50: -------------------------
23:38:50:  *   CPU ID: GenuineIntel: Genuine Intel(R) CPU           U4100  @ 1.30GHz
23:38:50:  *      SSE: yes
23:38:50:  *     SSE2: yes
23:38:50:  *     SSE3: yes
23:38:50:  *      MMX: yes
23:38:50:  *   MMXEXT: yes
23:38:50:  *    3DNOW: no
23:38:50:  * 3DNOWEXT: no
23:38:50:  *     CMOV: yes
23:38:50:  *      TSC: yes
23:38:50:  *      FPU: yes
23:38:50:  *      PRO: yes
23:38:50:  *       HT: no
23:38:50: -------------------------
23:38:50: ******************************
*** Starting GLX Subsystem ***
******************************
23:38:50: Registering ResourceManager for type Texture
23:38:50: GLRenderSystem::_createRenderWindow "GLFWRenderWindow", 0x0 windowed  miscParams: currentGLContext=true externalGLContext= 
23:38:50: GLXWindow::create used FBConfigID = 152
23:38:50: GL_VERSION = 3.0 Mesa 10.2.7
23:38:50: GL_VENDOR = X.Org
23:38:50: GL_RENDERER = Gallium 0.4 on AMD RV710
23:38:50: GL_EXTENSIONS = GL_ARB_multisample GL_EXT_abgr GL_EXT_bgra GL_EXT_blend_color GL_EXT_blend_minmax GL_EXT_blend_subtract GL_EXT_copy_texture GL_EXT_polygon_offset GL_EXT_subtexture GL_EXT_texture_object GL_EXT_vertex_array GL_EXT_compiled_vertex_array GL_EXT_texture GL_EXT_texture3D GL_IBM_rasterpos_clip GL_ARB_point_parameters GL_EXT_draw_range_elements GL_EXT_packed_pixels GL_EXT_point_parameters GL_EXT_rescale_normal GL_EXT_separate_specular_color GL_EXT_texture_edge_clamp GL_SGIS_generate_mipmap GL_SGIS_texture_border_clamp GL_SGIS_texture_edge_clamp GL_SGIS_texture_lod GL_ARB_framebuffer_sRGB GL_ARB_multitexture GL_EXT_framebuffer_sRGB GL_IBM_multimode_draw_arrays GL_IBM_texture_mirrored_repeat GL_ARB_texture_cube_map GL_ARB_texture_env_add GL_ARB_transpose_matrix GL_EXT_blend_func_separate GL_EXT_fog_coord GL_EXT_multi_draw_arrays GL_EXT_secondary_color GL_EXT_texture_env_add GL_EXT_texture_filter_anisotropic GL_EXT_texture_lod_bias GL_INGR_blend_func_separate GL_NV_blend_square GL_NV_light_max_exponent GL_NV_texgen_reflection GL_NV_texture_env_combine4 GL_S3_s3tc GL_SUN_multi_draw_arrays GL_ARB_texture_border_clamp GL_ARB_texture_compression GL_EXT_framebuffer_object GL_EXT_texture_compression_s3tc GL_EXT_texture_env_combine GL_EXT_texture_env_dot3 GL_MESA_window_pos GL_NV_packed_depth_stencil GL_NV_texture_rectangle GL_ARB_depth_texture GL_ARB_occlusion_query GL_ARB_shadow GL_ARB_texture_env_combine GL_ARB_texture_env_crossbar GL_ARB_texture_env_dot3 GL_ARB_texture_mirrored_repeat GL_ARB_window_pos GL_EXT_stencil_two_side GL_EXT_texture_cube_map GL_NV_depth_clamp GL_NV_fog_distance GL_APPLE_packed_pixels GL_APPLE_vertex_array_object GL_ARB_draw_buffers GL_ARB_fragment_program GL_ARB_fragment_shader GL_ARB_shader_objects GL_ARB_vertex_program GL_ARB_vertex_shader GL_ATI_draw_buffers GL_ATI_texture_env_combine3 GL_ATI_texture_float GL_EXT_shadow_funcs GL_EXT_stencil_wrap GL_MESA_pack_invert GL_NV_primitive_restart GL_ARB_depth_clamp GL_ARB_fragment_program_shadow GL_ARB_half_float_pixel GL_ARB_occlusion_query2 GL_ARB_point_sprite GL_ARB_shading_language_100 GL_ARB_sync GL_ARB_texture_non_power_of_two GL_ARB_vertex_buffer_object GL_ATI_blend_equation_separate GL_EXT_blend_equation_separate GL_OES_read_format GL_ARB_color_buffer_float GL_ARB_pixel_buffer_object GL_ARB_texture_compression_rgtc GL_ARB_texture_float GL_ARB_texture_rectangle GL_ATI_texture_compression_3dc GL_EXT_packed_float GL_EXT_pixel_buffer_object GL_EXT_texture_compression_dxt1 GL_EXT_texture_compression_rgtc GL_EXT_texture_mirror_clamp GL_EXT_texture_rectangle GL_EXT_texture_sRGB GL_EXT_texture_shared_exponent GL_ARB_framebuffer_object GL_EXT_framebuffer_blit GL_EXT_framebuffer_multisample GL_EXT_packed_depth_stencil GL_ARB_vertex_array_object GL_ATI_separate_stencil GL_ATI_texture_mirror_once GL_EXT_draw_buffers2 GL_EXT_draw_instanced GL_EXT_gpu_program_parameters GL_EXT_texture_array GL_EXT_texture_compression_latc GL_EXT_texture_integer GL_EXT_texture_sRGB_decode GL_EXT_timer_query GL_OES_EGL_image GL_ARB_copy_buffer GL_ARB_depth_buffer_float GL_ARB_draw_instanced GL_ARB_half_float_vertex GL_ARB_instanced_arrays GL_ARB_map_buffer_range GL_ARB_texture_rg GL_ARB_texture_swizzle GL_ARB_vertex_array_bgra GL_EXT_texture_swizzle GL_EXT_vertex_array_bgra GL_NV_conditional_render GL_AMD_conservative_depth GL_AMD_draw_buffers_blend GL_AMD_shader_stencil_export GL_ARB_ES2_compatibility GL_ARB_blend_func_extended GL_ARB_debug_output GL_ARB_draw_buffers_blend GL_ARB_draw_elements_base_vertex GL_ARB_explicit_attrib_location GL_ARB_fragment_coord_conventions GL_ARB_provoking_vertex GL_ARB_sampler_objects GL_ARB_seamless_cube_map GL_ARB_shader_stencil_export GL_ARB_shader_texture_lod GL_ARB_texture_multisample GL_ARB_texture_rgb10_a2ui GL_ARB_uniform_buffer_object GL_ARB_vertex_type_2_10_10_10_rev GL_EXT_provoking_vertex GL_EXT_texture_snorm GL_MESA_texture_signed_rgba GL_NV_texture_barrier GL_ARB_get_program_binary GL_ARB_robustness GL_ARB_separate_shader_objects GL_ARB_shader_bit_encoding GL_ARB_timer_query GL_ARB_transform_feedback2 GL_ARB_transform_feedback3 GL_NV_vdpau_interop GL_ANGLE_texture_compression_dxt3 GL_ANGLE_texture_compression_dxt5 GL_ARB_base_instance GL_ARB_conservative_depth GL_ARB_internalformat_query GL_ARB_map_buffer_alignment GL_ARB_shading_language_420pack GL_ARB_shading_language_packing GL_ARB_texture_storage GL_ARB_transform_feedback_instanced GL_EXT_framebuffer_multisample_blit_scaled GL_EXT_transform_feedback GL_AMD_shader_trinary_minmax GL_ARB_clear_buffer_object GL_ARB_invalidate_subdata GL_ARB_texture_storage_multisample GL_ARB_vertex_attrib_binding GL_KHR_debug GL_ARB_buffer_storage GL_ARB_multi_bind GL_ARB_texture_mirror_clamp_to_edge GL_ARB_vertex_type_10f_11f_11f_rev GL_EXT_shader_integer_mix 
23:38:50: Supported GLX extensions: GLX_ARB_create_context GLX_ARB_create_context_profile GLX_ARB_fbconfig_float GLX_ARB_framebuffer_sRGB GLX_ARB_get_proc_address GLX_ARB_multisample GLX_EXT_import_context GLX_EXT_visual_info GLX_EXT_visual_rating GLX_EXT_framebuffer_sRGB GLX_EXT_create_context_es2_profile GLX_MESA_copy_sub_buffer GLX_MESA_multithread_makecurrent GLX_MESA_swap_control GLX_OML_swap_method GLX_OML_sync_control GLX_SGI_make_current_read GLX_SGI_swap_control GLX_SGI_video_sync GLX_SGIS_multisample GLX_SGIX_fbconfig GLX_SGIX_pbuffer GLX_SGIX_visual_select_group GLX_EXT_texture_from_pixmap GLX_INTEL_swap_event 
23:38:50: ***************************
23:38:50: *** GL Renderer Started ***
23:38:50: ***************************
23:38:50: Registering ResourceManager for type GpuProgram
23:38:50: GLSL support detected
23:38:50: GL: Using GL_EXT_framebuffer_object for rendering to textures (best)
23:38:50: FBO PF_UNKNOWN depth/stencil support: D0S1 D0S4 D0S8 D0S16 D16S0 D24S0 D32S0 Packed-D24S8 
23:38:50: FBO PF_L8 depth/stencil support: D0S0 D0S1 D0S4 D0S8 D0S16 D16S0 D24S0 D32S0 Packed-D24S8 
23:38:50: FBO PF_L16 depth/stencil support: D0S0 D0S1 D0S4 D0S8 D0S16 D16S0 D24S0 D32S0 Packed-D24S8 
23:38:50: FBO PF_A8 depth/stencil support: D0S0 D0S1 D0S4 D0S8 D0S16 D16S0 D24S0 D32S0 Packed-D24S8 
23:38:50: FBO PF_A4L4 depth/stencil support: D0S0 D0S1 D0S4 D0S8 D0S16 D16S0 D24S0 D32S0 Packed-D24S8 
23:38:50: FBO PF_BYTE_LA depth/stencil support: D0S0 D0S1 D0S4 D0S8 D0S16 D16S0 D24S0 D32S0 Packed-D24S8 
23:38:50: FBO PF_R5G6B5 depth/stencil support: D0S0 D0S1 D0S4 D0S8 D0S16 D16S0 D24S0 D32S0 Packed-D24S8 
23:38:50: FBO PF_B5G6R5 depth/stencil support: D0S0 D0S1 D0S4 D0S8 D0S16 D16S0 D24S0 D32S0 Packed-D24S8 
23:38:50: FBO PF_A4R4G4B4 depth/stencil support: D0S0 D0S1 D0S4 D0S8 D0S16 D16S0 D24S0 D32S0 Packed-D24S8 
23:38:50: FBO PF_A1R5G5B5 depth/stencil support: D0S0 D0S1 D0S4 D0S8 D0S16 D16S0 D24S0 D32S0 Packed-D24S8 
23:38:50: FBO PF_R8G8B8 depth/stencil support: D0S0 D0S1 D0S4 D0S8 D0S16 D16S0 D24S0 D32S0 Packed-D24S8 
23:38:50: FBO PF_B8G8R8 depth/stencil support: D0S0 D0S1 D0S4 D0S8 D0S16 D16S0 D24S0 D32S0 Packed-D24S8 
23:38:50: FBO PF_A8R8G8B8 depth/stencil support: D0S0 D0S1 D0S4 D0S8 D0S16 D16S0 D24S0 D32S0 Packed-D24S8 
23:38:50: FBO PF_B8G8R8A8 depth/stencil support: D0S0 D0S1 D0S4 D0S8 D0S16 D16S0 D24S0 D32S0 Packed-D24S8 
23:38:50: FBO PF_A2R10G10B10 depth/stencil support: D0S0 D0S1 D0S4 D0S8 D0S16 D16S0 D24S0 D32S0 Packed-D24S8 
23:38:50: FBO PF_A2B10G10R10 depth/stencil support: D0S0 D0S1 D0S4 D0S8 D0S16 D16S0 D24S0 D32S0 Packed-D24S8 
23:38:50: FBO PF_FLOAT16_RGB depth/stencil support: D0S0 D0S1 D0S4 D0S8 D0S16 D16S0 D24S0 D32S0 Packed-D24S8 
23:38:50: FBO PF_FLOAT16_RGBA depth/stencil support: D0S0 D0S1 D0S4 D0S8 D0S16 D16S0 D24S0 D32S0 Packed-D24S8 
23:38:50: FBO PF_FLOAT32_RGB depth/stencil support: D0S0 D0S1 D0S4 D0S8 D0S16 D16S0 D24S0 D32S0 Packed-D24S8 
23:38:50: FBO PF_FLOAT32_RGBA depth/stencil support: D0S0 D0S1 D0S4 D0S8 D0S16 D16S0 D24S0 D32S0 Packed-D24S8 
23:38:50: FBO PF_X8R8G8B8 depth/stencil support: D0S0 D0S1 D0S4 D0S8 D0S16 D16S0 D24S0 D32S0 Packed-D24S8 
23:38:50: FBO PF_X8B8G8R8 depth/stencil support: D0S0 D0S1 D0S4 D0S8 D0S16 D16S0 D24S0 D32S0 Packed-D24S8 
23:38:50: FBO PF_SHORT_RGBA depth/stencil support: D0S0 D0S1 D0S4 D0S8 D0S16 D16S0 D24S0 D32S0 Packed-D24S8 
23:38:50: FBO PF_R3G3B2 depth/stencil support: D0S0 D0S1 D0S4 D0S8 D0S16 D16S0 D24S0 D32S0 Packed-D24S8 
23:38:50: FBO PF_FLOAT16_R depth/stencil support: D0S0 D0S1 D0S4 D0S8 D0S16 D16S0 D24S0 D32S0 Packed-D24S8 
23:38:50: FBO PF_FLOAT32_R depth/stencil support: D0S0 D0S1 D0S4 D0S8 D0S16 D16S0 D24S0 D32S0 Packed-D24S8 
23:38:50: FBO PF_SHORT_GR depth/stencil support: D0S0 D0S1 D0S4 D0S8 D0S16 D16S0 D24S0 D32S0 Packed-D24S8 
23:38:50: FBO PF_FLOAT16_GR depth/stencil support: D0S0 D0S1 D0S4 D0S8 D0S16 D16S0 D24S0 D32S0 Packed-D24S8 
23:38:50: FBO PF_FLOAT32_GR depth/stencil support: D0S0 D0S1 D0S4 D0S8 D0S16 D16S0 D24S0 D32S0 Packed-D24S8 
23:38:50: FBO PF_SHORT_RGB depth/stencil support: D0S0 D0S1 D0S4 D0S8 D0S16 D16S0 D24S0 D32S0 Packed-D24S8 
23:38:50: [GL] : Valid FBO targets PF_UNKNOWN PF_L8 PF_L16 PF_A8 PF_A4L4 PF_BYTE_LA PF_R5G6B5 PF_B5G6R5 PF_A4R4G4B4 PF_A1R5G5B5 PF_R8G8B8 PF_B8G8R8 PF_A8R8G8B8 PF_B8G8R8A8 PF_A2R10G10B10 PF_A2B10G10R10 PF_FLOAT16_RGB PF_FLOAT16_RGBA PF_FLOAT32_RGB PF_FLOAT32_RGBA PF_X8R8G8B8 PF_X8B8G8R8 PF_SHORT_RGBA PF_R3G3B2 PF_FLOAT16_R PF_FLOAT32_R PF_SHORT_GR PF_FLOAT16_GR PF_FLOAT32_GR PF_SHORT_RGB 
23:38:50: RenderSystem capabilities
23:38:50: -------------------------
23:38:50: RenderSystem Name: OpenGL Rendering Subsystem
23:38:50: GPU Vendor: unknown
23:38:50: Device Name: Gallium 0.4 on AMD RV710
23:38:50: Driver Version: 3.0.0.0
23:38:50:  * Fixed function pipeline: yes
23:38:50:  * Hardware generation of mipmaps: yes
23:38:50:  * Texture blending: yes
23:38:50:  * Anisotropic texture filtering: yes
23:38:50:  * Dot product texture operation: yes
23:38:50:  * Cube mapping: yes
23:38:50:  * Hardware stencil buffer: yes
23:38:50:    - Stencil depth: 8
23:38:50:    - Two sided stencil support: yes
23:38:50:    - Wrap stencil values: yes
23:38:50:  * Hardware vertex / index buffers: yes
23:38:50:  * 32-bit index buffers: yes
23:38:50:  * Vertex programs: yes
23:38:50:  * Number of floating-point constants for vertex programs: 4096
23:38:50:  * Number of integer constants for vertex programs: 0
23:38:50:  * Number of boolean constants for vertex programs: 0
23:38:50:  * Fragment programs: yes
23:38:50:  * Number of floating-point constants for fragment programs: 4096
23:38:50:  * Number of integer constants for fragment programs: 0
23:38:50:  * Number of boolean constants for fragment programs: 0
23:38:50:  * Geometry programs: no
23:38:50:  * Number of floating-point constants for geometry programs: 0
23:38:50:  * Number of integer constants for geometry programs: 0
23:38:50:  * Number of boolean constants for geometry programs: 0
23:38:50:  * Tessellation Hull programs: no
23:38:50:  * Number of floating-point constants for tessellation hull programs: 0
23:38:50:  * Number of integer constants for tessellation hull programs: 0
23:38:50:  * Number of boolean constants for tessellation hull programs: 0
23:38:50:  * Tessellation Domain programs: no
23:38:50:  * Number of floating-point constants for tessellation domain programs: 0
23:38:50:  * Number of integer constants for tessellation domain programs: 0
23:38:50:  * Number of boolean constants for tessellation domain programs: 0
23:38:50:  * Compute programs: no
23:38:50:  * Number of floating-point constants for compute programs: 0
23:38:50:  * Number of integer constants for compute programs: 0
23:38:50:  * Number of boolean constants for compute programs: 0
23:38:50:  * Supported Shader Profiles: arbfp1 arbvp1 glsl glsl100 glsl110 glsl120
23:38:50:  * Texture Compression: yes
23:38:50:    - DXT: yes
23:38:50:    - VTC: no
23:38:50:    - PVRTC: no
23:38:50:    - ATC: no
23:38:50:    - ETC1: no
23:38:50:    - ETC2: no
23:38:50:    - BC4/BC5: no
23:38:50:    - BC6H/BC7: no
23:38:50:  * Scissor Rectangle: yes
23:38:50:  * Hardware Occlusion Query: yes
23:38:50:  * User clip planes: yes
23:38:50:  * VET_UBYTE4 vertex element type: yes
23:38:50:  * Infinite far plane projection: yes
23:38:50:  * Hardware render-to-texture: yes
23:38:50:  * Floating point textures: yes
23:38:50:  * Non-power-of-two textures: yes
23:38:50:  * 1d textures: yes
23:38:50:  * Volume textures: yes
23:38:50:  * Multiple Render Targets: 8
23:38:50:    - With different bit depths: yes
23:38:50:  * Point Sprites: yes
23:38:50:  * Extended point parameters: yes
23:38:50:  * Max Point Size: 8192
23:38:50:  * Vertex texture fetch: yes
23:38:50:  * Number of world matrices: 0
23:38:50:  * Number of texture units: 16
23:38:50:  * Stencil buffer depth: 8
23:38:50:  * Number of vertex blend matrices: 0
23:38:50:    - Max vertex textures: 16
23:38:50:    - Vertex textures shared: yes
23:38:50:  * Render to Vertex Buffer : no
23:38:50:  * Hardware Atomic Counters: no
23:38:50:  * GL 1.5 without VBO workaround: no
23:38:50:  * Frame Buffer objects: yes
23:38:50:  * Frame Buffer objects (ARB extension): no
23:38:50:  * Frame Buffer objects (ATI extension): no
23:38:50:  * PBuffer support: yes
23:38:50:  * GL 1.5 without HW-occlusion workaround: no
23:38:50:  * Vertex Array Objects: no
23:38:50:  * Separate shader objects: no
23:38:50: Using FSAA from GL_ARB_multisample extension.
23:38:50: DefaultWorkQueue('Root') initialising on thread 7ff7a208b7c0.
23:38:50: DefaultWorkQueue('Root')::WorkerFunc - thread 7ff7926bb700 starting.
23:38:50: DefaultWorkQueue('Root')::WorkerFunc - thread 7ff791eba700 starting.
23:38:50: Particle Renderer Type 'billboard' registered
23:38:50: SceneManagerFactory for type 'BspSceneManager' registered.
23:38:50: Registering ResourceManager for type BspLevel
23:38:51: SceneManagerFactory for type 'PCZSceneManager' registered.
23:38:51: MovableObjectFactory for type 'PCZLight' registered.
23:38:51: MovableObjectFactory for type 'Portal' registered.
23:38:51: MovableObjectFactory for type 'AntiPortal' registered.
23:38:51: PCZone Factory Type 'ZoneType_Octree' registered
23:38:51: SceneManagerFactory for type 'OctreeSceneManager' registered.
23:38:51: Mesh: Loading ogrehead.mesh.
23:38:51: WARNING: ogrehead.mesh is an older format ([MeshSerializer_v1.8]); you should upgrade it as soon as possible using the OgreMeshUpgrade tool.
23:38:51: Can't assign material Ogre/Eyes to SubEntity of Head because this Material does not exist. Have you forgotten to define it in a .material script?
23:38:51: Can't assign material Ogre/Skin to SubEntity of Head because this Material does not exist. Have you forgotten to define it in a .material script?
23:38:51: Can't assign material Ogre/Earring to SubEntity of Head because this Material does not exist. Have you forgotten to define it in a .material script?
23:38:51: Can't assign material Ogre/Tusks to SubEntity of Head because this Material does not exist. Have you forgotten to define it in a .material script?
23:40:44: DefaultWorkQueue('Root') shutting down on thread 7ff7a208b7c0.
23:40:44: DefaultWorkQueue('Root')::WorkerFunc - thread 7ff7926bb700 stopped.
23:40:44: DefaultWorkQueue('Root')::WorkerFunc - thread 7ff791eba700 stopped.
23:40:44: PCZone Factory Type 'ZoneType_Octree' unregistered
23:40:44: Unregistering ResourceManager for type BspLevel
23:40:44: *-*-* OGRE Shutdown
23:40:44: Unregistering ResourceManager for type Compositor
23:40:44: Unregistering ResourceManager for type Skeleton
23:40:44: Unregistering ResourceManager for type Mesh
23:40:44: Unregistering ResourceManager for type HighLevelGpuProgram
23:40:44: Uninstalling plugin: Octree Scene Manager
23:40:44: Plugin successfully uninstalled
23:40:44: Unloading library Plugin_OctreeSceneManager
23:40:44: Uninstalling plugin: Octree Zone Factory
23:40:44: Plugin successfully uninstalled
23:40:44: Unloading library Plugin_OctreeZone
23:40:44: Uninstalling plugin: Portal Connected Zone Scene Manager
23:40:44: Plugin successfully uninstalled
23:40:44: Unloading library Plugin_PCZSceneManager
23:40:44: Uninstalling plugin: Cg Program Manager
23:40:44: Plugin successfully uninstalled
23:40:44: Unloading library Plugin_CgProgramManager
23:40:44: Uninstalling plugin: BSP Scene Manager
23:40:44: Plugin successfully uninstalled
23:40:44: Unloading library Plugin_BSPSceneManager
23:40:44: Uninstalling plugin: ParticleFX
23:40:44: Plugin successfully uninstalled
23:40:44: Unloading library Plugin_ParticleFX
23:40:44: Uninstalling plugin: GL RenderSystem
23:40:44: Unregistering ResourceManager for type GpuProgram
23:40:44: ******************************
*** Stopping GLX Subsystem ***
******************************
23:40:44: Unregistering ResourceManager for type Texture
23:40:44: Plugin successfully uninstalled
23:40:44: Unloading library RenderSystem_GL
23:40:44: Unregistering ResourceManager for type Material
